<?xml version="1.0" encoding="UTF-8"?>
<!-- Generated by org.testng.reporters.JUnitXMLReporter -->
<testsuite hostname="shikaifengdeMacBook-Pro.local" tests="4" failures="1" timestamp="6 Dec 2017 07:05:09 GMT" time="0.348" errors="0">
  <testcase name="testcase1" time="0.11" classname="demo1TestCase">
    <failure type="java.lang.AssertionError" message="expected [true] but found [false]">
      <![CDATA[java.lang.AssertionError: expected [true] but found [false]
	at demo1TestCase.testcase1(demo1TestCase.java:11)
	at org.apache.maven.surefire.testng.TestNGExecutor.run(TestNGExecutor.java:135)
	at org.apache.maven.surefire.testng.TestNGDirectoryTestSuite.executeMulti(TestNGDirectoryTestSuite.java:193)
	at org.apache.maven.surefire.testng.TestNGDirectoryTestSuite.execute(TestNGDirectoryTestSuite.java:94)
	at org.apache.maven.surefire.testng.TestNGProvider.invoke(TestNGProvider.java:146)
	at org.apache.maven.surefire.booter.ForkedBooter.invokeProviderInSameClassLoader(ForkedBooter.java:386)
	at org.apache.maven.surefire.booter.ForkedBooter.runSuitesInProcess(ForkedBooter.java:323)
	at org.apache.maven.surefire.booter.ForkedBooter.main(ForkedBooter.java:143)
... Removed 25 stack frames]]>
    </failure>
  </testcase> <!-- testcase1 -->
  <testcase name="testcase2" time="0.004" classname="demo1TestCase"/>
  <testcase name="getDate" time="0.002" classname="GetDateDemoTestCase"/>
  <testcase name="testcase2" time="0.001" classname="GetDateDemoTestCase"/>
</testsuite>
