-------------------------------------------------------------------------------
Test set: demo1TestCase
-------------------------------------------------------------------------------
Tests run: 2, Failures: 1, Errors: 0, Skipped: 0, Time elapsed: 1.463 s <<< FAILURE! - in demo1TestCase
testcase1(demo1TestCase)  Time elapsed: 0.349 s  <<< FAILURE!
java.lang.AssertionError: expected [true] but found [false]
	at demo1TestCase.testcase1(demo1TestCase.java:8)

