<?xml version="1.0" encoding="UTF-8"?>
<testng-results skipped="0" failed="0" total="4" passed="4">
  <reporter-output>
  </reporter-output>
  <suite name="apiDemo" duration-ms="163" started-at="2017-12-06T07:47:26Z" finished-at="2017-12-06T07:47:26Z">
    <groups>
    </groups>
    <test name="apiDemo" duration-ms="163" started-at="2017-12-06T07:47:26Z" finished-at="2017-12-06T07:47:26Z">
      <class name="GetDateDemoTestCase">
        <test-method status="PASS" signature="getDate(java.lang.String, java.lang.String, java.lang.String)[pri:0, instance:GetDateDemoTestCase@10d59286]" name="getDate" duration-ms="2" started-at="2017-12-06T15:47:26Z" data-provider="dataProviderName" finished-at="2017-12-06T15:47:26Z">
          <params>
            <param index="0">
              <value>
                <![CDATA[no1]]>
              </value>
            </param>
            <param index="1">
              <value>
                <![CDATA[测试测试]]>
              </value>
            </param>
            <param index="2">
              <value>
                <![CDATA[192.168.1.1]]>
              </value>
            </param>
          </params>
          <reporter-output>
          </reporter-output>
        </test-method> <!-- getDate -->
        <test-method status="PASS" signature="testcase2()[pri:0, instance:GetDateDemoTestCase@10d59286]" name="testcase2" duration-ms="1" started-at="2017-12-06T15:47:26Z" finished-at="2017-12-06T15:47:26Z">
          <reporter-output>
          </reporter-output>
        </test-method> <!-- testcase2 -->
      </class> <!-- GetDateDemoTestCase -->
      <class name="demo1TestCase">
        <test-method status="PASS" signature="testcase1()[pri:0, instance:demo1TestCase@281e3708]" name="testcase1" duration-ms="52" started-at="2017-12-06T15:47:26Z" finished-at="2017-12-06T15:47:26Z">
          <reporter-output>
          </reporter-output>
        </test-method> <!-- testcase1 -->
        <test-method status="PASS" signature="testcase2()[pri:0, instance:demo1TestCase@281e3708]" name="testcase2" duration-ms="2" started-at="2017-12-06T15:47:26Z" finished-at="2017-12-06T15:47:26Z">
          <reporter-output>
          </reporter-output>
        </test-method> <!-- testcase2 -->
      </class> <!-- demo1TestCase -->
    </test> <!-- apiDemo -->
  </suite> <!-- apiDemo -->
</testng-results>
