<?xml version="1.0" encoding="UTF-8"?>
<testsuite xmlns:xsi="http://www.w3.org/2001/XMLSchema-instance" xsi:noNamespaceSchemaLocation="https://maven.apache.org/surefire/maven-surefire-plugin/xsd/surefire-test-report.xsd" name="TestSuite" time="0.535" tests="4" errors="0" skipped="0" failures="0">
  <properties>
[...]
</properties>
  <testcase name="testcase1" classname="demo1TestCase" time="0.051"/>
  <testcase name="testcase2" classname="demo1TestCase" time="0.002"/>
  <testcase name="getDate" classname="GetDateDemoTestCase" time="0.002"/>
  <testcase name="testcase2" classname="GetDateDemoTestCase" time="0.002"/>
</testsuite>