<?xml version="1.0" encoding="UTF-8"?>
<!-- Generated by org.testng.reporters.JUnitXMLReporter -->
<testsuite hostname="shikaifengdeMacBook-Pro.local" tests="4" failures="0" timestamp="6 Dec 2017 07:47:26 GMT" time="0.163" errors="0">
  <testcase name="testcase1" time="0.052" classname="demo1TestCase"/>
  <testcase name="testcase2" time="0.002" classname="demo1TestCase"/>
  <testcase name="getDate" time="0.002" classname="GetDateDemoTestCase"/>
  <testcase name="testcase2" time="0.001" classname="GetDateDemoTestCase"/>
</testsuite>
